[RES=nic] [PID=1293794] (unknown)
[CPU%=None] [RAM%=None]
Process 1293794 does not exist or was killed
*****************************
/ECOFLOC_NIC_PID_1293794
*****************************
Average Power : 0.00 Watts
Total Energy : 0.00 Joules
*****************************

*****************************
[RES=nic] [PID=1293782] (python3)
[CPU%=104.0] [RAM%=0.1]
No devices to monitor. Use '-a' to allow monitoring loopback interfaces or devices that are not up/running
No devices to monitor. Use '-a' to allow monitoring loopback interfaces or devices that are not up/running
No devices to monitor. Use '-a' to allow monitoring loopback interfaces or devices that are not up/running
No devices to monitor. Use '-a' to allow monitoring loopback interfaces or devices that are not up/running
No devices to monitor. Use '-a' to allow monitoring loopback interfaces or devices that are not up/running
*****************************
/ECOFLOC_NIC_PID_1293782
*****************************
Average Power : 0.00 Watts
Total Energy : 0.00 Joules
*****************************

*****************************
[RES=nic] [PID=1293779] (uvicorn)
[CPU%=102.0] [RAM%=0.1]
No devices to monitor. Use '-a' to allow monitoring loopback interfaces or devices that are not up/running
No devices to monitor. Use '-a' to allow monitoring loopback interfaces or devices that are not up/running
No devices to monitor. Use '-a' to allow monitoring loopback interfaces or devices that are not up/running
No devices to monitor. Use '-a' to allow monitoring loopback interfaces or devices that are not up/running
No devices to monitor. Use '-a' to allow monitoring loopback interfaces or devices that are not up/running
*****************************
/ECOFLOC_NIC_PID_1293779
*****************************
Average Power : 0.00 Watts
Total Energy : 0.00 Joules
*****************************

*****************************
[RES=nic] [PID=1293778] (uvicorn)
[CPU%=43.1] [RAM%=0.0]
No devices to monitor. Use '-a' to allow monitoring loopback interfaces or devices that are not up/running
No devices to monitor. Use '-a' to allow monitoring loopback interfaces or devices that are not up/running
No devices to monitor. Use '-a' to allow monitoring loopback interfaces or devices that are not up/running
No devices to monitor. Use '-a' to allow monitoring loopback interfaces or devices that are not up/running
No devices to monitor. Use '-a' to allow monitoring loopback interfaces or devices that are not up/running
*****************************
/ECOFLOC_NIC_PID_1293778
*****************************
Average Power : 0.00 Watts
Total Energy : 0.00 Joules
*****************************

*****************************
[RES=nic] [PID=1293780] (python3)
[CPU%=79.4] [RAM%=0.1]
No devices to monitor. Use '-a' to allow monitoring loopback interfaces or devices that are not up/running
No devices to monitor. Use '-a' to allow monitoring loopback interfaces or devices that are not up/running
No devices to monitor. Use '-a' to allow monitoring loopback interfaces or devices that are not up/running
No devices to monitor. Use '-a' to allow monitoring loopback interfaces or devices that are not up/running
No devices to monitor. Use '-a' to allow monitoring loopback interfaces or devices that are not up/running
*****************************
/ECOFLOC_NIC_PID_1293780
*****************************
Average Power : 0.00 Watts
Total Energy : 0.00 Joules
*****************************

*****************************
[RES=nic] [PID=1293781] (python3)
[CPU%=12.9] [RAM%=0.0]
No devices to monitor. Use '-a' to allow monitoring loopback interfaces or devices that are not up/running
No devices to monitor. Use '-a' to allow monitoring loopback interfaces or devices that are not up/running
No devices to monitor. Use '-a' to allow monitoring loopback interfaces or devices that are not up/running
No devices to monitor. Use '-a' to allow monitoring loopback interfaces or devices that are not up/running
No devices to monitor. Use '-a' to allow monitoring loopback interfaces or devices that are not up/running
*****************************
/ECOFLOC_NIC_PID_1293781
*****************************
Average Power : 0.00 Watts
Total Energy : 0.00 Joules
*****************************

*****************************
[RES=nic] [PID=1213535] (chrome)
[CPU%=15.1] [RAM%=1.5]
No devices to monitor. Use '-a' to allow monitoring loopback interfaces or devices that are not up/running
No devices to monitor. Use '-a' to allow monitoring loopback interfaces or devices that are not up/running
No devices to monitor. Use '-a' to allow monitoring loopback interfaces or devices that are not up/running
No devices to monitor. Use '-a' to allow monitoring loopback interfaces or devices that are not up/running
No devices to monitor. Use '-a' to allow monitoring loopback interfaces or devices that are not up/running
*****************************
/ECOFLOC_NIC_PID_1213535
*****************************
Average Power : 0.00 Watts
Total Energy : 0.00 Joules
*****************************

*****************************
[RES=nic] [PID=1115239] (chrome)
[CPU%=9.9] [RAM%=1.3]
No devices to monitor. Use '-a' to allow monitoring loopback interfaces or devices that are not up/running
No devices to monitor. Use '-a' to allow monitoring loopback interfaces or devices that are not up/running
No devices to monitor. Use '-a' to allow monitoring loopback interfaces or devices that are not up/running
No devices to monitor. Use '-a' to allow monitoring loopback interfaces or devices that are not up/running
No devices to monitor. Use '-a' to allow monitoring loopback interfaces or devices that are not up/running
*****************************
/ECOFLOC_NIC_PID_1115239
*****************************
Average Power : 0.00 Watts
Total Energy : 0.00 Joules
*****************************

*****************************
[RES=nic] [PID=1293770] (uv)
[CPU%=3.2] [RAM%=0.1]
No devices to monitor. Use '-a' to allow monitoring loopback interfaces or devices that are not up/running
No devices to monitor. Use '-a' to allow monitoring loopback interfaces or devices that are not up/running
No devices to monitor. Use '-a' to allow monitoring loopback interfaces or devices that are not up/running
No devices to monitor. Use '-a' to allow monitoring loopback interfaces or devices that are not up/running
No devices to monitor. Use '-a' to allow monitoring loopback interfaces or devices that are not up/running
*****************************
/ECOFLOC_NIC_PID_1293770
*****************************
Average Power : 0.00 Watts
Total Energy : 0.00 Joules
*****************************

*****************************
[RES=nic] [PID=1293771] (uv)
[CPU%=3.0] [RAM%=0.1]
No devices to monitor. Use '-a' to allow monitoring loopback interfaces or devices that are not up/running
No devices to monitor. Use '-a' to allow monitoring loopback interfaces or devices that are not up/running
No devices to monitor. Use '-a' to allow monitoring loopback interfaces or devices that are not up/running
No devices to monitor. Use '-a' to allow monitoring loopback interfaces or devices that are not up/running
No devices to monitor. Use '-a' to allow monitoring loopback interfaces or devices that are not up/running
*****************************
/ECOFLOC_NIC_PID_1293771
*****************************
Average Power : 0.00 Watts
Total Energy : 0.00 Joules
*****************************

*****************************
[RES=sd] [PID=1293782] (python3)
[CPU%=104.0] [RAM%=0.1]
*****************************
/ECOFLOC_SD_PID_1293782
*****************************
Average Power : 0.00 Watts
Total Energy : 0.00 Joules
*****************************

*****************************
[RES=sd] [PID=1293794] (unknown)
[CPU%=None] [RAM%=None]
Failed to open file for PID 1293794. The process may not exist or it was closed.
Failed to open file for PID 1293794. The process may not exist or it was closed.
Failed to open file for PID 1293794. The process may not exist or it was closed.
Failed to open file for PID 1293794. The process may not exist or it was closed.
Failed to open file for PID 1293794. The process may not exist or it was closed.
Failed to open file for PID 1293794. The process may not exist or it was closed.
Failed to open file for PID 1293794. The process may not exist or it was closed.
Failed to open file for PID 1293794. The process may not exist or it was closed.
Failed to open file for PID 1293794. The process may not exist or it was closed.
Failed to open file for PID 1293794. The process may not exist or it was closed.
Failed to open file for PID 1293794. The process may not exist or it was closed.
Failed to open file for PID 1293794. The process may not exist or it was closed.
*****************************
/ECOFLOC_SD_PID_1293794
*****************************
Average Power : 0.00 Watts
Total Energy : 0.00 Joules
*****************************

*****************************
[RES=sd] [PID=1293780] (python3)
[CPU%=79.4] [RAM%=0.1]
*****************************
/ECOFLOC_SD_PID_1293780
*****************************
Average Power : 0.00 Watts
Total Energy : 0.00 Joules
*****************************

*****************************
[RES=sd] [PID=1293778] (uvicorn)
[CPU%=41.8] [RAM%=0.0]
*****************************
/ECOFLOC_SD_PID_1293778
*****************************
Average Power : 0.00 Watts
Total Energy : 0.00 Joules
*****************************

*****************************
[RES=sd] [PID=1293779] (uvicorn)
[CPU%=102.0] [RAM%=0.1]
*****************************
/ECOFLOC_SD_PID_1293779
*****************************
Average Power : 0.00 Watts
Total Energy : 0.01 Joules
*****************************

*****************************
[RES=sd] [PID=1293781] (python3)
[CPU%=13.3] [RAM%=0.0]
*****************************
/ECOFLOC_SD_PID_1293781
*****************************
Average Power : 0.00 Watts
Total Energy : 0.00 Joules
*****************************

*****************************
[RES=sd] [PID=1213535] (chrome)
[CPU%=15.1] [RAM%=1.5]
*****************************
/ECOFLOC_SD_PID_1213535
*****************************
Average Power : 0.00 Watts
Total Energy : 0.00 Joules
*****************************

*****************************
[RES=sd] [PID=1115239] (chrome)
[CPU%=9.9] [RAM%=1.3]
*****************************
/ECOFLOC_SD_PID_1115239
*****************************
Average Power : 0.00 Watts
Total Energy : 0.00 Joules
*****************************

*****************************
[RES=sd] [PID=1293770] (uv)
[CPU%=3.2] [RAM%=0.1]
*****************************
/ECOFLOC_SD_PID_1293770
*****************************
Average Power : 0.00 Watts
Total Energy : 0.00 Joules
*****************************

*****************************
[RES=sd] [PID=1293771] (uv)
[CPU%=3.1] [RAM%=0.1]
*****************************
/ECOFLOC_SD_PID_1293771
*****************************
Average Power : 0.00 Watts
Total Energy : 0.00 Joules
*****************************

*****************************
[RES=nic] [PID=1294585] (chrome)
[CPU%=50.0] [RAM%=0.2]
No devices to monitor. Use '-a' to allow monitoring loopback interfaces or devices that are not up/running
No devices to monitor. Use '-a' to allow monitoring loopback interfaces or devices that are not up/running
No devices to monitor. Use '-a' to allow monitoring loopback interfaces or devices that are not up/running
No devices to monitor. Use '-a' to allow monitoring loopback interfaces or devices that are not up/running
No devices to monitor. Use '-a' to allow monitoring loopback interfaces or devices that are not up/running
*****************************
/ECOFLOC_NIC_PID_1294585
*****************************
Average Power : 0.00 Watts
Total Energy : 0.00 Joules
*****************************

*****************************
[RES=nic] [PID=1213535] (chrome)
[CPU%=15.1] [RAM%=1.5]
No devices to monitor. Use '-a' to allow monitoring loopback interfaces or devices that are not up/running
No devices to monitor. Use '-a' to allow monitoring loopback interfaces or devices that are not up/running
No devices to monitor. Use '-a' to allow monitoring loopback interfaces or devices that are not up/running
No devices to monitor. Use '-a' to allow monitoring loopback interfaces or devices that are not up/running
No devices to monitor. Use '-a' to allow monitoring loopback interfaces or devices that are not up/running
*****************************
/ECOFLOC_NIC_PID_1213535
*****************************
Average Power : 0.00 Watts
Total Energy : 0.00 Joules
*****************************

*****************************
[RES=nic] [PID=1294279] (streamlit)
[CPU%=25.0] [RAM%=0.6]
No devices to monitor. Use '-a' to allow monitoring loopback interfaces or devices that are not up/running
No devices to monitor. Use '-a' to allow monitoring loopback interfaces or devices that are not up/running
No devices to monitor. Use '-a' to allow monitoring loopback interfaces or devices that are not up/running
No devices to monitor. Use '-a' to allow monitoring loopback interfaces or devices that are not up/running
No devices to monitor. Use '-a' to allow monitoring loopback interfaces or devices that are not up/running
*****************************
/ECOFLOC_NIC_PID_1294279
*****************************
Average Power : 0.00 Watts
Total Energy : 0.00 Joules
*****************************

*****************************
[RES=nic] [PID=1115239] (chrome)
[CPU%=9.9] [RAM%=1.3]
No devices to monitor. Use '-a' to allow monitoring loopback interfaces or devices that are not up/running
No devices to monitor. Use '-a' to allow monitoring loopback interfaces or devices that are not up/running
No devices to monitor. Use '-a' to allow monitoring loopback interfaces or devices that are not up/running
No devices to monitor. Use '-a' to allow monitoring loopback interfaces or devices that are not up/running
No devices to monitor. Use '-a' to allow monitoring loopback interfaces or devices that are not up/running
*****************************
/ECOFLOC_NIC_PID_1115239
*****************************
Average Power : 0.00 Watts
Total Energy : 0.00 Joules
*****************************

*****************************
[RES=nic] [PID=1293779] (uvicorn)
[CPU%=11.6] [RAM%=0.4]
No devices to monitor. Use '-a' to allow monitoring loopback interfaces or devices that are not up/running
No devices to monitor. Use '-a' to allow monitoring loopback interfaces or devices that are not up/running
No devices to monitor. Use '-a' to allow monitoring loopback interfaces or devices that are not up/running
No devices to monitor. Use '-a' to allow monitoring loopback interfaces or devices that are not up/running
No devices to monitor. Use '-a' to allow monitoring loopback interfaces or devices that are not up/running
*****************************
/ECOFLOC_NIC_PID_1293779
*****************************
Average Power : 0.00 Watts
Total Energy : 0.00 Joules
*****************************

*****************************
[RES=nic] [PID=1293782] (python3)
[CPU%=8.3] [RAM%=0.2]
No devices to monitor. Use '-a' to allow monitoring loopback interfaces or devices that are not up/running
No devices to monitor. Use '-a' to allow monitoring loopback interfaces or devices that are not up/running
No devices to monitor. Use '-a' to allow monitoring loopback interfaces or devices that are not up/running
No devices to monitor. Use '-a' to allow monitoring loopback interfaces or devices that are not up/running
No devices to monitor. Use '-a' to allow monitoring loopback interfaces or devices that are not up/running
*****************************
/ECOFLOC_NIC_PID_1293782
*****************************
Average Power : 0.00 Watts
Total Energy : 0.00 Joules
*****************************

*****************************
[RES=nic] [PID=1292648] (chrome)
[CPU%=4.8] [RAM%=1.4]
No devices to monitor. Use '-a' to allow monitoring loopback interfaces or devices that are not up/running
No devices to monitor. Use '-a' to allow monitoring loopback interfaces or devices that are not up/running
No devices to monitor. Use '-a' to allow monitoring loopback interfaces or devices that are not up/running
No devices to monitor. Use '-a' to allow monitoring loopback interfaces or devices that are not up/running
No devices to monitor. Use '-a' to allow monitoring loopback interfaces or devices that are not up/running
*****************************
/ECOFLOC_NIC_PID_1292648
*****************************
Average Power : 0.00 Watts
Total Energy : 0.00 Joules
*****************************

*****************************
[RES=nic] [PID=1294576] (chrome)
[CPU%=4.7] [RAM%=0.3]
No devices to monitor. Use '-a' to allow monitoring loopback interfaces or devices that are not up/running
No devices to monitor. Use '-a' to allow monitoring loopback interfaces or devices that are not up/running
No devices to monitor. Use '-a' to allow monitoring loopback interfaces or devices that are not up/running
No devices to monitor. Use '-a' to allow monitoring loopback interfaces or devices that are not up/running
No devices to monitor. Use '-a' to allow monitoring loopback interfaces or devices that are not up/running
*****************************
/ECOFLOC_NIC_PID_1294576
*****************************
Average Power : 0.00 Watts
Total Energy : 0.00 Joules
*****************************

*****************************
[RES=nic] [PID=1227623] (Discord)
[CPU%=3.4] [RAM%=1.0]
No devices to monitor. Use '-a' to allow monitoring loopback interfaces or devices that are not up/running
No devices to monitor. Use '-a' to allow monitoring loopback interfaces or devices that are not up/running
No devices to monitor. Use '-a' to allow monitoring loopback interfaces or devices that are not up/running
No devices to monitor. Use '-a' to allow monitoring loopback interfaces or devices that are not up/running
No devices to monitor. Use '-a' to allow monitoring loopback interfaces or devices that are not up/running
*****************************
/ECOFLOC_NIC_PID_1227623
*****************************
Average Power : 0.00 Watts
Total Energy : 0.00 Joules
*****************************

*****************************
[RES=nic] [PID=   8570] (unknown)
[CPU%=4.4] [RAM%=2.3]
No devices to monitor. Use '-a' to allow monitoring loopback interfaces or devices that are not up/running
No devices to monitor. Use '-a' to allow monitoring loopback interfaces or devices that are not up/running
No devices to monitor. Use '-a' to allow monitoring loopback interfaces or devices that are not up/running
No devices to monitor. Use '-a' to allow monitoring loopback interfaces or devices that are not up/running
No devices to monitor. Use '-a' to allow monitoring loopback interfaces or devices that are not up/running
*****************************
/ECOFLOC_NIC_PID_8570
*****************************
Average Power : 0.00 Watts
Total Energy : 0.00 Joules
*****************************

*****************************
[RES=sd] [PID=1294585] (chrome)
[CPU%=50.0] [RAM%=0.2]
Failed to open file for PID 1294585. The process may not exist or it was closed.
Failed to open file for PID 1294585. The process may not exist or it was closed.
*****************************
/ECOFLOC_SD_PID_1294585
*****************************
Average Power : 0.00 Watts
Total Energy : 0.00 Joules
*****************************

*****************************
[RES=sd] [PID=1213535] (chrome)
[CPU%=15.1] [RAM%=1.5]
*****************************
/ECOFLOC_SD_PID_1213535
*****************************
Average Power : 0.00 Watts
Total Energy : 0.00 Joules
*****************************

*****************************
[RES=sd] [PID=1294279] (streamlit)
[CPU%=25.0] [RAM%=0.6]
*****************************
/ECOFLOC_SD_PID_1294279
*****************************
Average Power : 0.00 Watts
Total Energy : 0.00 Joules
*****************************

*****************************
[RES=sd] [PID=1293779] (uvicorn)
[CPU%=11.6] [RAM%=0.4]
*****************************
/ECOFLOC_SD_PID_1293779
*****************************
Average Power : 0.00 Watts
Total Energy : 0.00 Joules
*****************************

*****************************
[RES=sd] [PID=1115239] (chrome)
[CPU%=9.9] [RAM%=1.3]
*****************************
/ECOFLOC_SD_PID_1115239
*****************************
Average Power : 0.00 Watts
Total Energy : 0.00 Joules
*****************************

*****************************
[RES=sd] [PID=1293782] (python3)
[CPU%=8.3] [RAM%=0.2]
*****************************
/ECOFLOC_SD_PID_1293782
*****************************
Average Power : 0.00 Watts
Total Energy : 0.00 Joules
*****************************

*****************************
[RES=sd] [PID=1292648] (chrome)
[CPU%=4.8] [RAM%=1.4]
*****************************
/ECOFLOC_SD_PID_1292648
*****************************
Average Power : 0.00 Watts
Total Energy : 0.00 Joules
*****************************

*****************************
[RES=sd] [PID=1294576] (chrome)
[CPU%=4.8] [RAM%=0.3]
*****************************
/ECOFLOC_SD_PID_1294576
*****************************
Average Power : 0.00 Watts
Total Energy : 0.00 Joules
*****************************

*****************************
[RES=sd] [PID=   8570] (unknown)
[CPU%=4.4] [RAM%=2.3]
*****************************
/ECOFLOC_SD_PID_8570
*****************************
Average Power : 0.00 Watts
Total Energy : 0.00 Joules
*****************************

*****************************
[RES=sd] [PID=1227623] (Discord)
[CPU%=3.4] [RAM%=1.0]
*****************************
/ECOFLOC_SD_PID_1227623
*****************************
Average Power : 0.00 Watts
Total Energy : 0.00 Joules
*****************************

*****************************
[RES=nic] [PID=1213535] (chrome)
[CPU%=15.3] [RAM%=1.7]
No devices to monitor. Use '-a' to allow monitoring loopback interfaces or devices that are not up/running
No devices to monitor. Use '-a' to allow monitoring loopback interfaces or devices that are not up/running
No devices to monitor. Use '-a' to allow monitoring loopback interfaces or devices that are not up/running
No devices to monitor. Use '-a' to allow monitoring loopback interfaces or devices that are not up/running
No devices to monitor. Use '-a' to allow monitoring loopback interfaces or devices that are not up/running
*****************************
/ECOFLOC_NIC_PID_1213535
*****************************
Average Power : 0.00 Watts
Total Energy : 0.00 Joules
*****************************

*****************************
[RES=nic] [PID=1294318] (chrome)
[CPU%=19.4] [RAM%=0.7]
No devices to monitor. Use '-a' to allow monitoring loopback interfaces or devices that are not up/running
No devices to monitor. Use '-a' to allow monitoring loopback interfaces or devices that are not up/running
No devices to monitor. Use '-a' to allow monitoring loopback interfaces or devices that are not up/running
No devices to monitor. Use '-a' to allow monitoring loopback interfaces or devices that are not up/running
No devices to monitor. Use '-a' to allow monitoring loopback interfaces or devices that are not up/running
*****************************
/ECOFLOC_NIC_PID_1294318
*****************************
Average Power : 0.00 Watts
Total Energy : 0.00 Joules
*****************************

*****************************
[RES=nic] [PID=1294279] (streamlit)
[CPU%=20.2] [RAM%=0.6]
No devices to monitor. Use '-a' to allow monitoring loopback interfaces or devices that are not up/running
No devices to monitor. Use '-a' to allow monitoring loopback interfaces or devices that are not up/running
No devices to monitor. Use '-a' to allow monitoring loopback interfaces or devices that are not up/running
No devices to monitor. Use '-a' to allow monitoring loopback interfaces or devices that are not up/running
No devices to monitor. Use '-a' to allow monitoring loopback interfaces or devices that are not up/running
*****************************
/ECOFLOC_NIC_PID_1294279
*****************************
Average Power : 0.00 Watts
Total Energy : 0.00 Joules
*****************************

*****************************
[RES=nic] [PID=1115239] (chrome)
[CPU%=9.9] [RAM%=1.3]
No devices to monitor. Use '-a' to allow monitoring loopback interfaces or devices that are not up/running
No devices to monitor. Use '-a' to allow monitoring loopback interfaces or devices that are not up/running
No devices to monitor. Use '-a' to allow monitoring loopback interfaces or devices that are not up/running
No devices to monitor. Use '-a' to allow monitoring loopback interfaces or devices that are not up/running
No devices to monitor. Use '-a' to allow monitoring loopback interfaces or devices that are not up/running
*****************************
/ECOFLOC_NIC_PID_1115239
*****************************
Average Power : 0.00 Watts
Total Energy : 0.00 Joules
*****************************

*****************************
[RES=nic] [PID=1293782] (python3)
[CPU%=10.8] [RAM%=0.2]
No devices to monitor. Use '-a' to allow monitoring loopback interfaces or devices that are not up/running
No devices to monitor. Use '-a' to allow monitoring loopback interfaces or devices that are not up/running
No devices to monitor. Use '-a' to allow monitoring loopback interfaces or devices that are not up/running
No devices to monitor. Use '-a' to allow monitoring loopback interfaces or devices that are not up/running
No devices to monitor. Use '-a' to allow monitoring loopback interfaces or devices that are not up/running
*****************************
/ECOFLOC_NIC_PID_1293782
*****************************
Average Power : 0.00 Watts
Total Energy : 0.00 Joules
*****************************

*****************************
[RES=nic] [PID=1292648] (chrome)
[CPU%=7.8] [RAM%=1.4]
No devices to monitor. Use '-a' to allow monitoring loopback interfaces or devices that are not up/running
No devices to monitor. Use '-a' to allow monitoring loopback interfaces or devices that are not up/running
No devices to monitor. Use '-a' to allow monitoring loopback interfaces or devices that are not up/running
No devices to monitor. Use '-a' to allow monitoring loopback interfaces or devices that are not up/running
No devices to monitor. Use '-a' to allow monitoring loopback interfaces or devices that are not up/running
*****************************
/ECOFLOC_NIC_PID_1292648
*****************************
Average Power : 0.00 Watts
Total Energy : 0.00 Joules
*****************************

*****************************
[RES=nic] [PID=   8570] (unknown)
[CPU%=4.4] [RAM%=2.3]
No devices to monitor. Use '-a' to allow monitoring loopback interfaces or devices that are not up/running
No devices to monitor. Use '-a' to allow monitoring loopback interfaces or devices that are not up/running
No devices to monitor. Use '-a' to allow monitoring loopback interfaces or devices that are not up/running
No devices to monitor. Use '-a' to allow monitoring loopback interfaces or devices that are not up/running
No devices to monitor. Use '-a' to allow monitoring loopback interfaces or devices that are not up/running
*****************************
/ECOFLOC_NIC_PID_8570
*****************************
Average Power : 0.00 Watts
Total Energy : 0.00 Joules
*****************************

*****************************
[RES=nic] [PID=1293779] (uvicorn)
[CPU%=6.0] [RAM%=0.4]
No devices to monitor. Use '-a' to allow monitoring loopback interfaces or devices that are not up/running
No devices to monitor. Use '-a' to allow monitoring loopback interfaces or devices that are not up/running
No devices to monitor. Use '-a' to allow monitoring loopback interfaces or devices that are not up/running
No devices to monitor. Use '-a' to allow monitoring loopback interfaces or devices that are not up/running
No devices to monitor. Use '-a' to allow monitoring loopback interfaces or devices that are not up/running
*****************************
/ECOFLOC_NIC_PID_1293779
*****************************
Average Power : 0.00 Watts
Total Energy : 0.00 Joules
*****************************

*****************************
[RES=nic] [PID=1227623] (Discord)
[CPU%=3.4] [RAM%=1.1]
No devices to monitor. Use '-a' to allow monitoring loopback interfaces or devices that are not up/running
No devices to monitor. Use '-a' to allow monitoring loopback interfaces or devices that are not up/running
No devices to monitor. Use '-a' to allow monitoring loopback interfaces or devices that are not up/running
No devices to monitor. Use '-a' to allow monitoring loopback interfaces or devices that are not up/running
No devices to monitor. Use '-a' to allow monitoring loopback interfaces or devices that are not up/running
*****************************
/ECOFLOC_NIC_PID_1227623
*****************************
Average Power : 0.00 Watts
Total Energy : 0.00 Joules
*****************************

*****************************
[RES=nic] [PID=   8625] (unknown)
[CPU%=3.3] [RAM%=1.2]
No devices to monitor. Use '-a' to allow monitoring loopback interfaces or devices that are not up/running
No devices to monitor. Use '-a' to allow monitoring loopback interfaces or devices that are not up/running
No devices to monitor. Use '-a' to allow monitoring loopback interfaces or devices that are not up/running
No devices to monitor. Use '-a' to allow monitoring loopback interfaces or devices that are not up/running
No devices to monitor. Use '-a' to allow monitoring loopback interfaces or devices that are not up/running
*****************************
/ECOFLOC_NIC_PID_8625
*****************************
Average Power : 0.00 Watts
Total Energy : 0.00 Joules
*****************************

*****************************
